Release 13.3 - xst O.76xd (nt64)
Copyright (c) 1995-2011 Xilinx, Inc.  All rights reserved.
--> Parameter TMPDIR set to xst/projnav.tmp


Total REAL time to Xst completion: 0.00 secs
Total CPU time to Xst completion: 0.05 secs
 
--> Parameter xsthdpdir set to xst


Total REAL time to Xst completion: 0.00 secs
Total CPU time to Xst completion: 0.05 secs
 
--> Reading design: VGAController.prj

TABLE OF CONTENTS
  1) Synthesis Options Summary
  2) HDL Compilation
  3) Design Hierarchy Analysis
  4) HDL Analysis
  5) HDL Synthesis
     5.1) HDL Synthesis Report
  6) Advanced HDL Synthesis
     6.1) Advanced HDL Synthesis Report
  7) Low Level Synthesis
  8) Partition Report
  9) Final Report
	9.1) Device utilization summary
	9.2) Partition Resource Summary
	9.3) TIMING REPORT


=========================================================================
*                      Synthesis Options Summary                        *
=========================================================================
---- Source Parameters
Input File Name                    : "VGAController.prj"
Input Format                       : mixed
Ignore Synthesis Constraint File   : NO

---- Target Parameters
Output File Name                   : "VGAController"
Output Format                      : NGC
Target Device                      : xc3s500e-5-fg320

---- Source Options
Top Module Name                    : VGAController
Automatic FSM Extraction           : YES
FSM Encoding Algorithm             : Auto
Safe Implementation                : No
FSM Style                          : LUT
RAM Extraction                     : Yes
RAM Style                          : Auto
ROM Extraction                     : Yes
Mux Style                          : Auto
Decoder Extraction                 : YES
Priority Encoder Extraction        : Yes
Shift Register Extraction          : YES
Logical Shifter Extraction         : YES
XOR Collapsing                     : YES
ROM Style                          : Auto
Mux Extraction                     : Yes
Resource Sharing                   : YES
Asynchronous To Synchronous        : NO
Multiplier Style                   : Auto
Automatic Register Balancing       : No

---- Target Options
Add IO Buffers                     : YES
Global Maximum Fanout              : 500
Add Generic Clock Buffer(BUFG)     : 24
Register Duplication               : YES
Slice Packing                      : YES
Optimize Instantiated Primitives   : NO
Use Clock Enable                   : Yes
Use Synchronous Set                : Yes
Use Synchronous Reset              : Yes
Pack IO Registers into IOBs        : Auto
Equivalent register Removal        : YES

---- General Options
Optimization Goal                  : Speed
Optimization Effort                : 1
Keep Hierarchy                     : No
Netlist Hierarchy                  : As_Optimized
RTL Output                         : Yes
Global Optimization                : AllClockNets
Read Cores                         : YES
Write Timing Constraints           : NO
Cross Clock Analysis               : NO
Hierarchy Separator                : /
Bus Delimiter                      : <>
Case Specifier                     : Maintain
Slice Utilization Ratio            : 100
BRAM Utilization Ratio             : 100
Verilog 2001                       : YES
Auto BRAM Packing                  : NO
Slice Utilization Ratio Delta      : 5

=========================================================================


=========================================================================
*                          HDL Compilation                              *
=========================================================================
Compiling vhdl file "G:/1. School Files/Ryerson/COE758 Workspace/VGA/hsyncCounter.vhd" in Library work.
Architecture behavioral of Entity hsynccounter is up to date.
Compiling vhdl file "G:/1. School Files/Ryerson/COE758 Workspace/VGA/vsyncCounter.vhd" in Library work.
Architecture behavioral of Entity vsynccounter is up to date.
Compiling vhdl file "G:/1. School Files/Ryerson/COE758 Workspace/VGA/VGASync.vhd" in Library work.
Architecture behavioral of Entity vgasync is up to date.
Compiling vhdl file "G:/1. School Files/Ryerson/COE758 Workspace/VGA/VGAController.vhd" in Library work.
Entity <vgacontroller> compiled.
Entity <vgacontroller> (Architecture <behavioral>) compiled.

=========================================================================
*                     Design Hierarchy Analysis                         *
=========================================================================
Analyzing hierarchy for entity <VGAController> in library <work> (architecture <behavioral>).

Analyzing hierarchy for entity <hsyncCounter> in library <work> (architecture <behavioral>).

Analyzing hierarchy for entity <vsyncCounter> in library <work> (architecture <behavioral>).

Analyzing hierarchy for entity <VGASync> in library <work> (architecture <behavioral>).


=========================================================================
*                            HDL Analysis                               *
=========================================================================
Analyzing Entity <VGAController> in library <work> (Architecture <behavioral>).
Entity <VGAController> analyzed. Unit <VGAController> generated.

Analyzing Entity <hsyncCounter> in library <work> (Architecture <behavioral>).
Entity <hsyncCounter> analyzed. Unit <hsyncCounter> generated.

Analyzing Entity <vsyncCounter> in library <work> (Architecture <behavioral>).
Entity <vsyncCounter> analyzed. Unit <vsyncCounter> generated.

Analyzing Entity <VGASync> in library <work> (Architecture <behavioral>).
Entity <VGASync> analyzed. Unit <VGASync> generated.


=========================================================================
*                           HDL Synthesis                               *
=========================================================================

Performing bidirectional port resolution...

Synthesizing Unit <hsyncCounter>.
    Related source file is "G:/1. School Files/Ryerson/COE758 Workspace/VGA/hsyncCounter.vhd".
    Found 10-bit up counter for signal <tmp>.
    Found 10-bit comparator greatequal for signal <tmp$cmp_ge0000> created at line 52.
    Summary:
	inferred   1 Counter(s).
	inferred   1 Comparator(s).
Unit <hsyncCounter> synthesized.


Synthesizing Unit <vsyncCounter>.
    Related source file is "G:/1. School Files/Ryerson/COE758 Workspace/VGA/vsyncCounter.vhd".
WARNING:Xst:647 - Input <clr> is never used. This port will be preserved and left unconnected if it belongs to a top-level block or it belongs to a sub-block and the hierarchy of this sub-block is preserved.
WARNING:Xst:2111 - Clock of counter <tmp> seems to be also used in the data or control logic of that element.
    Found 10-bit up counter for signal <tmp>.
    Found 10-bit comparator greatequal for signal <tmp$cmp_ge0000> created at line 52.
    Summary:
	inferred   1 Counter(s).
	inferred   1 Comparator(s).
Unit <vsyncCounter> synthesized.


Synthesizing Unit <VGASync>.
    Related source file is "G:/1. School Files/Ryerson/COE758 Workspace/VGA/VGASync.vhd".
WARNING:Xst:647 - Input <clr> is never used. This port will be preserved and left unconnected if it belongs to a top-level block or it belongs to a sub-block and the hierarchy of this sub-block is preserved.
    Found 1-bit register for signal <vsync>.
    Found 1-bit register for signal <hsync>.
    Found 10-bit comparator greatequal for signal <hsync$cmp_ge0000> created at line 52.
    Found 10-bit comparator greatequal for signal <hsync$cmp_ge0001> created at line 53.
    Summary:
	inferred   2 D-type flip-flop(s).
	inferred   2 Comparator(s).
Unit <VGASync> synthesized.


Synthesizing Unit <VGAController>.
    Related source file is "G:/1. School Files/Ryerson/COE758 Workspace/VGA/VGAController.vhd".
Unit <VGAController> synthesized.


=========================================================================
HDL Synthesis Report

Macro Statistics
# Counters                                             : 2
 10-bit up counter                                     : 2
# Registers                                            : 2
 1-bit register                                        : 2
# Comparators                                          : 4
 10-bit comparator greatequal                          : 4

=========================================================================

=========================================================================
*                       Advanced HDL Synthesis                          *
=========================================================================


=========================================================================
Advanced HDL Synthesis Report

Macro Statistics
# Counters                                             : 2
 10-bit up counter                                     : 2
# Registers                                            : 2
 Flip-Flops                                            : 2
# Comparators                                          : 4
 10-bit comparator greatequal                          : 4

=========================================================================

=========================================================================
*                         Low Level Synthesis                           *
=========================================================================

Optimizing unit <VGAController> ...

Mapping all equations...
Building and optimizing final netlist ...
Found area constraint ratio of 100 (+ 5) on block VGAController, actual ratio is 0.

Final Macro Processing ...

=========================================================================
Final Register Report

Macro Statistics
# Registers                                            : 22
 Flip-Flops                                            : 22

=========================================================================

=========================================================================
*                           Partition Report                            *
=========================================================================

Partition Implementation Status
-------------------------------

  No Partitions were found in this design.

-------------------------------

=========================================================================
*                            Final Report                               *
=========================================================================
Final Results
RTL Top Level Output File Name     : VGAController.ngr
Top Level Output File Name         : VGAController
Output Format                      : NGC
Optimization Goal                  : Speed
Keep Hierarchy                     : No

Design Statistics
# IOs                              : 24

Cell Usage :
# BELS                             : 78
#      GND                         : 1
#      INV                         : 2
#      LUT1                        : 18
#      LUT2                        : 2
#      LUT3                        : 1
#      LUT3_D                      : 1
#      LUT3_L                      : 1
#      LUT4                        : 7
#      LUT4_D                      : 2
#      LUT4_L                      : 3
#      MUXCY                       : 18
#      MUXF5                       : 1
#      VCC                         : 1
#      XORCY                       : 20
# FlipFlops/Latches                : 22
#      FDE                         : 1
#      FDR                         : 20
#      FDSE                        : 1
# Clock Buffers                    : 1
#      BUFG                        : 1
# IO Buffers                       : 24
#      IBUF                        : 2
#      OBUF                        : 22
=========================================================================

Device utilization summary:
---------------------------

Selected Device : 3s500efg320-5 

 Number of Slices:                       20  out of   4656     0%  
 Number of Slice Flip Flops:             22  out of   9312     0%  
 Number of 4 input LUTs:                 37  out of   9312     0%  
 Number of IOs:                          24
 Number of bonded IOBs:                  24  out of    232    10%  
 Number of GCLKs:                         1  out of     24     4%  

---------------------------
Partition Resource Summary:
---------------------------

  No Partitions were found in this design.

---------------------------


=========================================================================
TIMING REPORT

NOTE: THESE TIMING NUMBERS ARE ONLY A SYNTHESIS ESTIMATE.
      FOR ACCURATE TIMING INFORMATION PLEASE REFER TO THE TRACE REPORT
      GENERATED AFTER PLACE-and-ROUTE.

Clock Information:
------------------
-----------------------------------+------------------------+-------+
Clock Signal                       | Clock buffer(FF name)  | Load  |
-----------------------------------+------------------------+-------+
clk                                | IBUF+BUFG              | 22    |
-----------------------------------+------------------------+-------+

Asynchronous Control Signals Information:
----------------------------------------
No asynchronous control signals found in this design

Timing Summary:
---------------
Speed Grade: -5

   Minimum period: 5.027ns (Maximum Frequency: 198.924MHz)
   Minimum input arrival time before clock: 3.795ns
   Maximum output required time after clock: 4.252ns
   Maximum combinational path delay: No path found

Timing Detail:
--------------
All values displayed in nanoseconds (ns)

=========================================================================
Timing constraint: Default period analysis for Clock 'clk'
  Clock period: 5.027ns (frequency: 198.924MHz)
  Total number of paths / destination ports: 332 / 44
-------------------------------------------------------------------------
Delay:               5.027ns (Levels of Logic = 3)
  Source:            Inst_hsyncCounter/tmp_3 (FF)
  Destination:       Inst_hsyncCounter/tmp_0 (FF)
  Source Clock:      clk rising
  Destination Clock: clk rising

  Data Path: Inst_hsyncCounter/tmp_3 to Inst_hsyncCounter/tmp_0
                                Gate     Net
    Cell:in->out      fanout   Delay   Delay  Logical Name (Net Name)
    ----------------------------------------  ------------
     FDR:C->Q              3   0.514   0.603  Inst_hsyncCounter/tmp_3 (Inst_hsyncCounter/tmp_3)
     LUT4_D:I0->LO         1   0.612   0.169  Inst_VGASync/hsync_cmp_ge00001 (N9)
     LUT2:I1->O            1   0.612   0.360  Inst_hsyncCounter/tmp_or00003 (Inst_hsyncCounter/tmp_or00003)
     LUT4:I3->O           10   0.612   0.750  Inst_hsyncCounter/tmp_or000017 (Inst_hsyncCounter/tmp_or0000)
     FDR:R                     0.795          Inst_hsyncCounter/tmp_0
    ----------------------------------------
    Total                      5.027ns (3.145ns logic, 1.882ns route)
                                       (62.6% logic, 37.4% route)

=========================================================================
Timing constraint: Default OFFSET IN BEFORE for Clock 'clk'
  Total number of paths / destination ports: 20 / 20
-------------------------------------------------------------------------
Offset:              3.795ns (Levels of Logic = 2)
  Source:            clk (PAD)
  Destination:       Inst_vsyncCounter/tmp_0 (FF)
  Destination Clock: clk rising

  Data Path: clk to Inst_vsyncCounter/tmp_0
                                Gate     Net
    Cell:in->out      fanout   Delay   Delay  Logical Name (Net Name)
    ----------------------------------------  ------------
     IBUF:I->O             2   1.106   0.532  clk_IBUF (clk_IBUF1)
     LUT4:I0->O           10   0.612   0.750  Inst_vsyncCounter/tmp_or000023 (Inst_vsyncCounter/tmp_or0000)
     FDR:R                     0.795          Inst_vsyncCounter/tmp_0
    ----------------------------------------
    Total                      3.795ns (2.513ns logic, 1.282ns route)
                                       (66.2% logic, 33.8% route)

=========================================================================
Timing constraint: Default OFFSET OUT AFTER for Clock 'clk'
  Total number of paths / destination ports: 22 / 22
-------------------------------------------------------------------------
Offset:              4.252ns (Levels of Logic = 1)
  Source:            Inst_hsyncCounter/tmp_9 (FF)
  Destination:       hcount<9> (PAD)
  Source Clock:      clk rising

  Data Path: Inst_hsyncCounter/tmp_9 to hcount<9>
                                Gate     Net
    Cell:in->out      fanout   Delay   Delay  Logical Name (Net Name)
    ----------------------------------------  ------------
     FDR:C->Q              6   0.514   0.569  Inst_hsyncCounter/tmp_9 (Inst_hsyncCounter/tmp_9)
     OBUF:I->O                 3.169          hcount_9_OBUF (hcount<9>)
    ----------------------------------------
    Total                      4.252ns (3.683ns logic, 0.569ns route)
                                       (86.6% logic, 13.4% route)

=========================================================================


Total REAL time to Xst completion: 3.00 secs
Total CPU time to Xst completion: 3.52 secs
 
--> 

Total memory usage is 255000 kilobytes

Number of errors   :    0 (   0 filtered)
Number of warnings :    3 (   0 filtered)
Number of infos    :    0 (   0 filtered)

